<?xml version="1.0" encoding="UTF-8"?>
<!-- Generated by org.testng.reporters.JUnitXMLReporter -->
<testsuite ignored="5" hostname="DESKTOP-CI34B07" failures="0" tests="1" name="saucedemo_final_project" time="5.709" errors="0" timestamp="2026-03-08T20:52:35 CET">
  <testcase classname="UserInformationTests" name="missingPostCodeTest" time="0.992"/>
  <testcase classname="UserInformationTests" name="missingLastNameTest" time="0.0">
    <ignored/>
  </testcase> <!-- missingLastNameTest -->
  <testcase classname="UserInformationTests" name="missingUserInformationTest" time="0.0">
    <ignored/>
  </testcase> <!-- missingUserInformationTest -->
  <testcase classname="UserInformationTests" name="maxCharactersPostCodeTest" time="0.0">
    <ignored/>
  </testcase> <!-- maxCharactersPostCodeTest -->
  <testcase classname="UserInformationTests" name="maxCharactersLastNameTest" time="0.0">
    <ignored/>
  </testcase> <!-- maxCharactersLastNameTest -->
  <testcase classname="UserInformationTests" name="maxCharactersFirstNameTest" time="0.0">
    <ignored/>
  </testcase> <!-- maxCharactersFirstNameTest -->
</testsuite> <!-- saucedemo_final_project -->
