<?xml version="1.0" encoding="UTF-8"?>
<!-- Generated by org.testng.reporters.JUnitXMLReporter -->
<testsuite ignored="0" hostname="DESKTOP-CI34B07" failures="4" tests="18" name="Regression Tests" time="140.876" errors="0" timestamp="2026-03-05T21:18:29 CET">
  <testcase classname="LoginTests" name="lockedOutUserTest" time="2.441"/>
  <testcase classname="LoginTests" name="missingUserTest" time="2.341"/>
  <testcase classname="LoginTests" name="validLoginTest" time="1.139"/>
  <testcase classname="LoginTests" name="validLogoutTest" time="1.284"/>
  <testcase classname="InventoryTests" name="addCertainItemToCartTest" time="16.57"/>
  <testcase classname="InventoryTests" name="addRandomItemToCartTests" time="8.487"/>
  <testcase classname="InventoryTests" name="proceedToCheckoutCompleteTest" time="1.361"/>
  <testcase classname="InventoryTests" name="testItemDetailsPage" time="0.247"/>
  <testcase classname="FilterTests" name="sortElementsZtoATests" time="0.225"/>
  <testcase classname="FilterTests" name="sortItemsByPriceHighToLowTests" time="0.227"/>
  <testcase classname="UserInformationTests" name="maxCharactersFirstNameTest" time="13.591">
    <failure type="java.lang.AssertionError" message="expected [Error: Name is too long] but found [null]">
      <![CDATA[java.lang.AssertionError: expected [Error: Name is too long] but found [null]
at UserInformationTests.maxCharactersFirstNameTest(UserInformationTests.java:70)
at java.base/java.util.ArrayList.forEach(ArrayList.java:1604)
at com.intellij.rt.testng.IDEARemoteTestNG.run(IDEARemoteTestNG.java:65)
at com.intellij.rt.testng.RemoteTestNGStarter.main(RemoteTestNGStarter.java:105)
... Removed 28 stack frames]]>
    </failure>
  </testcase> <!-- maxCharactersFirstNameTest -->
  <testcase classname="UserInformationTests" name="maxCharactersLastNameTest" time="13.582">
    <failure type="java.lang.AssertionError" message="expected [Error: Name is too long] but found [null]">
      <![CDATA[java.lang.AssertionError: expected [Error: Name is too long] but found [null]
at UserInformationTests.maxCharactersLastNameTest(UserInformationTests.java:77)
at java.base/java.util.ArrayList.forEach(ArrayList.java:1604)
at com.intellij.rt.testng.IDEARemoteTestNG.run(IDEARemoteTestNG.java:65)
at com.intellij.rt.testng.RemoteTestNGStarter.main(RemoteTestNGStarter.java:105)
... Removed 28 stack frames]]>
    </failure>
  </testcase> <!-- maxCharactersLastNameTest -->
  <testcase classname="UserInformationTests" name="maxCharactersPostCodeTest" time="13.502">
    <failure type="java.lang.AssertionError" message="expected [Error: Postal Code is too long] but found [null]">
      <![CDATA[java.lang.AssertionError: expected [Error: Postal Code is too long] but found [null]
at UserInformationTests.maxCharactersPostCodeTest(UserInformationTests.java:84)
at java.base/java.util.ArrayList.forEach(ArrayList.java:1604)
at com.intellij.rt.testng.IDEARemoteTestNG.run(IDEARemoteTestNG.java:65)
at com.intellij.rt.testng.RemoteTestNGStarter.main(RemoteTestNGStarter.java:105)
... Removed 28 stack frames]]>
    </failure>
  </testcase> <!-- maxCharactersPostCodeTest -->
  <testcase classname="UserInformationTests" name="missingLastNameTest" time="0.353"/>
  <testcase classname="UserInformationTests" name="missingPostCodeTest" time="0.349"/>
  <testcase classname="UserInformationTests" name="missingUserInformationTest" time="0.314"/>
  <testcase classname="EndToEndTests" name="buyCertainItemTest" time="1.102"/>
  <testcase classname="EndToEndTests" name="checkoutWithEmptyCartTest" time="17.372">
    <failure type="java.lang.AssertionError" message="expected [Your cart is empty! Can not finish the order!] but found [Your order has been dispatched, and will arrive just as fast as the pony can get there!]">
      <![CDATA[java.lang.AssertionError: expected [Your cart is empty! Can not finish the order!] but found [Your order has been dispatched, and will arrive just as fast as the pony can get there!]
at EndToEndTests.checkoutWithEmptyCartTest(EndToEndTests.java:133)
at java.base/java.util.ArrayList.forEach(ArrayList.java:1604)
at com.intellij.rt.testng.IDEARemoteTestNG.run(IDEARemoteTestNG.java:65)
at com.intellij.rt.testng.RemoteTestNGStarter.main(RemoteTestNGStarter.java:105)
... Removed 28 stack frames]]>
    </failure>
  </testcase> <!-- checkoutWithEmptyCartTest -->
</testsuite> <!-- Regression Tests -->
