<?xml version="1.0" encoding="UTF-8"?>
<!-- Generated by org.testng.reporters.JUnitReportReporter -->
<testsuite hostname="DESKTOP-CI34B07" failures="0" tests="4" name="LoginTests" time="17.270" errors="0" timestamp="2026-03-05T21:18:29 CET" skipped="0">
  <testcase classname="LoginTests" name="validLogoutTest" time="3.257"/>
  <testcase classname="LoginTests" name="missingUserTest" time="4.256"/>
  <testcase classname="LoginTests" name="lockedOutUserTest" time="4.422"/>
  <testcase classname="LoginTests" name="validLoginTest" time="5.335"/>
</testsuite> <!-- LoginTests -->
